<?xml version="1.0" encoding="UTF-8"?>
<!-- Generated by org.testng.reporters.JUnitXMLReporter -->
<testsuite ignored="0" hostname="DESKTOP-G0OK52U" failures="0" tests="1" name="Default test" time="0.067" errors="0" timestamp="2022-04-22T15:58:39 IST">
  <testcase classname="questionExample.GoogleSearchTest" name="@BeforeTest launchApp" time="0.007">
    <failure type="java.lang.Error" message="Unresolved compilation problems: 
	The method chromedriver() is undefined for the type WebDriverManager
	The method getClass() in the type Object is not applicable for the arguments (String)
	The method manage() is undefined for the type WebDriver
">
      <![CDATA[java.lang.Error: Unresolved compilation problems: 
The method chromedriver() is undefined for the type WebDriverManager
The method getClass() in the type Object is not applicable for the arguments (String)
The method manage() is undefined for the type WebDriver

at questionExample.GoogleSearchTest.launchApp(GoogleSearchTest.java:20)
at java.base/jdk.internal.reflect.NativeMethodAccessorImpl.invoke0(Native Method)
at java.base/jdk.internal.reflect.NativeMethodAccessorImpl.invoke(NativeMethodAccessorImpl.java:77)
at java.base/jdk.internal.reflect.DelegatingMethodAccessorImpl.invoke(DelegatingMethodAccessorImpl.java:43)
at java.base/java.lang.reflect.Method.invoke(Method.java:568)
at org.testng.internal.MethodInvocationHelper.invokeMethod(MethodInvocationHelper.java:133)
at org.testng.internal.MethodInvocationHelper.invokeMethodConsideringTimeout(MethodInvocationHelper.java:62)
at org.testng.internal.ConfigInvoker.invokeConfigurationMethod(ConfigInvoker.java:385)
at org.testng.internal.ConfigInvoker.invokeConfigurations(ConfigInvoker.java:321)
at org.testng.TestRunner.invokeTestConfigurations(TestRunner.java:637)
at org.testng.TestRunner.beforeRun(TestRunner.java:627)
at org.testng.TestRunner.run(TestRunner.java:589)
at org.testng.SuiteRunner.runTest(SuiteRunner.java:377)
at org.testng.SuiteRunner.runSequentially(SuiteRunner.java:371)
at org.testng.SuiteRunner.privateRun(SuiteRunner.java:332)
at org.testng.SuiteRunner.run(SuiteRunner.java:276)
at org.testng.SuiteRunnerWorker.runSuite(SuiteRunnerWorker.java:53)
at org.testng.SuiteRunnerWorker.run(SuiteRunnerWorker.java:96)
at org.testng.TestNG.runSuitesSequentially(TestNG.java:1212)
at org.testng.TestNG.runSuitesLocally(TestNG.java:1134)
at org.testng.TestNG.runSuites(TestNG.java:1063)
at org.testng.TestNG.run(TestNG.java:1031)
at org.testng.remote.AbstractRemoteTestNG.run(AbstractRemoteTestNG.java:115)
at org.testng.remote.RemoteTestNG.initAndRun(RemoteTestNG.java:251)
at org.testng.remote.RemoteTestNG.main(RemoteTestNG.java:77)
]]>
    </failure>
  </testcase> <!-- @BeforeTest launchApp -->
  <testcase classname="questionExample.GoogleSearchTest" name="@AfterTest closeApp" time="-1.650623318994E9">
    <skipped/>
  </testcase> <!-- @AfterTest closeApp -->
  <testcase classname="questionExample.GoogleSearchTest" name="SearchItems" time="0.0">
    <skipped/>
  </testcase> <!-- SearchItems -->
</testsuite> <!-- Default test -->
